<?xml version="1.0" encoding="UTF-8"?>
<coverage generated="1548635871365" clover="3.2.0">
  <project timestamp="1548635871365" name="All files">
    <metrics statements="131" coveredstatements="131" conditionals="75" coveredconditionals="75" methods="43" coveredmethods="43" elements="249" coveredelements="249" complexity="0" loc="131" ncloc="131" packages="1" files="1" classes="1"/>
    <file name="Tilo.ts" path="/Users/oy/Developer/@onury/tilo/src/Tilo.ts">
      <metrics statements="131" coveredstatements="131" conditionals="75" coveredconditionals="75" methods="43" coveredmethods="43"/>
      <line num="2" count="1" type="stmt"/>
      <line num="3" count="1" type="stmt"/>
      <line num="6" count="1" type="stmt"/>
      <line num="8" count="1" type="stmt"/>
      <line num="9" count="1" type="stmt"/>
      <line num="10" count="1" type="stmt"/>
      <line num="13" count="1" type="stmt"/>
      <line num="17" count="1" type="stmt"/>
      <line num="35" count="1" type="stmt"/>
      <line num="36" count="1" type="stmt"/>
      <line num="38" count="1" type="stmt"/>
      <line num="39" count="15" type="stmt"/>
      <line num="40" count="15" type="stmt"/>
      <line num="41" count="15" type="stmt"/>
      <line num="42" count="15" type="cond" truecount="2" falsecount="0"/>
      <line num="43" count="15" type="cond" truecount="2" falsecount="0"/>
      <line num="45" count="15" type="stmt"/>
      <line num="46" count="15" type="cond" truecount="2" falsecount="0"/>
      <line num="48" count="15" type="stmt"/>
      <line num="50" count="15" type="stmt"/>
      <line num="52" count="4" type="stmt"/>
      <line num="54" count="1" type="stmt"/>
      <line num="55" count="1" type="stmt"/>
      <line num="57" count="1" type="stmt"/>
      <line num="58" count="6" type="stmt"/>
      <line num="60" count="4" type="stmt"/>
      <line num="63" count="6" type="stmt"/>
      <line num="65" count="1" type="stmt"/>
      <line num="68" count="14" type="stmt"/>
      <line num="102" count="47" type="stmt"/>
      <line num="104" count="47" type="cond" truecount="2" falsecount="0"/>
      <line num="105" count="47" type="stmt"/>
      <line num="106" count="47" type="cond" truecount="2" falsecount="0"/>
      <line num="107" count="47" type="cond" truecount="2" falsecount="0"/>
      <line num="108" count="47" type="cond" truecount="2" falsecount="0"/>
      <line num="109" count="47" type="stmt"/>
      <line num="112" count="47" type="stmt"/>
      <line num="113" count="46" type="stmt"/>
      <line num="123" count="99" type="stmt"/>
      <line num="132" count="47" type="stmt"/>
      <line num="140" count="70" type="stmt"/>
      <line num="143" count="47" type="stmt"/>
      <line num="151" count="2" type="stmt"/>
      <line num="154" count="47" type="stmt"/>
      <line num="155" count="47" type="stmt"/>
      <line num="165" count="41" type="stmt"/>
      <line num="184" count="18" type="stmt"/>
      <line num="187" count="48" type="stmt"/>
      <line num="196" count="12" type="stmt"/>
      <line num="199" count="47" type="stmt"/>
      <line num="201" count="47" type="cond" truecount="2" falsecount="0"/>
      <line num="213" count="1" type="stmt"/>
      <line num="216" count="46" type="cond" truecount="2" falsecount="0"/>
      <line num="228" count="17" type="stmt"/>
      <line num="253" count="10" type="stmt"/>
      <line num="257" count="1" type="stmt"/>
      <line num="258" count="1" type="stmt"/>
      <line num="261" count="44" type="stmt"/>
      <line num="262" count="44" type="stmt"/>
      <line num="264" count="2" type="cond" truecount="3" falsecount="0"/>
      <line num="268" count="1" type="stmt"/>
      <line num="270" count="1" type="stmt"/>
      <line num="279" count="5" type="stmt"/>
      <line num="288" count="29" type="cond" truecount="2" falsecount="0"/>
      <line num="297" count="4" type="cond" truecount="2" falsecount="0"/>
      <line num="298" count="3" type="stmt"/>
      <line num="299" count="3" type="stmt"/>
      <line num="307" count="3" type="cond" truecount="2" falsecount="0"/>
      <line num="308" count="2" type="stmt"/>
      <line num="309" count="2" type="stmt"/>
      <line num="317" count="6" type="cond" truecount="2" falsecount="0"/>
      <line num="318" count="5" type="stmt"/>
      <line num="319" count="5" type="stmt"/>
      <line num="328" count="2" type="cond" truecount="2" falsecount="0"/>
      <line num="329" count="1" type="stmt"/>
      <line num="330" count="1" type="stmt"/>
      <line num="338" count="5" type="cond" truecount="2" falsecount="0"/>
      <line num="339" count="4" type="stmt"/>
      <line num="340" count="4" type="stmt"/>
      <line num="348" count="3" type="cond" truecount="2" falsecount="0"/>
      <line num="349" count="2" type="stmt"/>
      <line num="350" count="2" type="stmt"/>
      <line num="358" count="3" type="cond" truecount="2" falsecount="0"/>
      <line num="359" count="2" type="stmt"/>
      <line num="360" count="2" type="stmt"/>
      <line num="370" count="2" type="cond" truecount="2" falsecount="0"/>
      <line num="372" count="1" type="stmt"/>
      <line num="376" count="1" type="stmt"/>
      <line num="377" count="1" type="stmt"/>
      <line num="385" count="2" type="cond" truecount="2" falsecount="0"/>
      <line num="388" count="1" type="stmt"/>
      <line num="389" count="1" type="stmt"/>
      <line num="390" count="1" type="stmt"/>
      <line num="391" count="1" type="stmt"/>
      <line num="393" count="1" type="stmt"/>
      <line num="394" count="1" type="stmt"/>
      <line num="405" count="2" type="cond" truecount="2" falsecount="0"/>
      <line num="407" count="1" type="stmt"/>
      <line num="408" count="1" type="stmt"/>
      <line num="409" count="1" type="stmt"/>
      <line num="417" count="3" type="cond" truecount="2" falsecount="0"/>
      <line num="418" count="2" type="stmt"/>
      <line num="419" count="2" type="stmt"/>
      <line num="432" count="4" type="cond" truecount="2" falsecount="0"/>
      <line num="434" count="2" type="stmt"/>
      <line num="435" count="2" type="stmt"/>
      <line num="437" count="3" type="stmt"/>
      <line num="438" count="3" type="stmt"/>
      <line num="451" count="1" type="stmt"/>
      <line num="464" count="2" type="stmt"/>
      <line num="481" count="3" type="stmt"/>
      <line num="482" count="3" type="cond" truecount="4" falsecount="0"/>
      <line num="483" count="2" type="cond" truecount="1" falsecount="0"/>
      <line num="492" count="16" type="stmt"/>
      <line num="500" count="2" type="cond" truecount="4" falsecount="0"/>
      <line num="501" count="1" type="stmt"/>
      <line num="512" count="2" type="cond" truecount="2" falsecount="0"/>
      <line num="513" count="1" type="stmt"/>
      <line num="515" count="1" type="cond" truecount="1" falsecount="0"/>
      <line num="526" count="27" type="stmt"/>
      <line num="527" count="27" type="stmt"/>
      <line num="528" count="27" type="stmt"/>
      <line num="529" count="27" type="stmt"/>
      <line num="534" count="1" type="stmt"/>
      <line num="537" count="27" type="stmt"/>
      <line num="539" count="27" type="stmt"/>
      <line num="561" count="27" type="stmt"/>
      <line num="565" count="21" type="stmt"/>
      <line num="569" count="21" type="stmt"/>
      <line num="590" count="27" type="stmt"/>
      <line num="606" count="2" type="stmt"/>
    </file>
  </project>
</coverage>
