{"/Users/oy/Developer/@onury/tilo/src/Tilo.ts": {"path":"/Users/oy/Developer/@onury/tilo/src/Tilo.ts","statementMap":{"0":{"start":{"line":2,"column":0},"end":{"line":2,"column":39}},"1":{"start":{"line":3,"column":0},"end":{"line":3,"column":29}},"2":{"start":{"line":6,"column":0},"end":{"line":6,"column":26}},"3":{"start":{"line":8,"column":0},"end":{"line":8,"column":30}},"4":{"start":{"line":9,"column":0},"end":{"line":9,"column":36}},"5":{"start":{"line":10,"column":0},"end":{"line":10,"column":30}},"6":{"start":{"line":13,"column":0},"end":{"line":13,"column":null}},"7":{"start":{"line":17,"column":0},"end":{"line":17,"column":34}},"8":{"start":{"line":35,"column":29},"end":{"line":35,"column":70}},"9":{"start":{"line":36,"column":21},"end":{"line":36,"column":81}},"10":{"start":{"line":38,"column":26},"end":{"line":69,"column":1}},"11":{"start":{"line":39,"column":21},"end":{"line":39,"column":69}},"12":{"start":{"line":40,"column":23},"end":{"line":40,"column":57}},"13":{"start":{"line":41,"column":24},"end":{"line":41,"column":52}},"14":{"start":{"line":42,"column":21},"end":{"line":42,"column":64}},"15":{"start":{"line":43,"column":28},"end":{"line":43,"column":92}},"16":{"start":{"line":45,"column":16},"end":{"line":45,"column":76}},"17":{"start":{"line":46,"column":4},"end":{"line":46,"column":49}},"18":{"start":{"line":46,"column":25},"end":{"line":46,"column":49}},"19":{"start":{"line":48,"column":17},"end":{"line":48,"column":47}},"20":{"start":{"line":50,"column":17},"end":{"line":50,"column":26}},"21":{"start":{"line":52,"column":18},"end":{"line":52,"column":56}},"22":{"start":{"line":54,"column":22},"end":{"line":54,"column":55}},"23":{"start":{"line":55,"column":28},"end":{"line":55,"column":42}},"24":{"start":{"line":57,"column":26},"end":{"line":64,"column":14}},"25":{"start":{"line":58,"column":31},"end":{"line":58,"column":33}},"26":{"start":{"line":60,"column":20},"end":{"line":61,"column":72}},"27":{"start":{"line":63,"column":16},"end":{"line":63,"column":52}},"28":{"start":{"line":65,"column":12},"end":{"line":65,"column":49}},"29":{"start":{"line":68,"column":4},"end":{"line":68,"column":40}},"30":{"start":{"line":102,"column":8},"end":{"line":102,"column":16}},"31":{"start":{"line":104,"column":8},"end":{"line":104,"column":32}},"32":{"start":{"line":105,"column":8},"end":{"line":105,"column":20}},"33":{"start":{"line":106,"column":8},"end":{"line":106,"column":78}},"34":{"start":{"line":107,"column":8},"end":{"line":107,"column":53}},"35":{"start":{"line":108,"column":8},"end":{"line":108,"column":75}},"36":{"start":{"line":109,"column":8},"end":{"line":111,"column":33}},"37":{"start":{"line":112,"column":8},"end":{"line":112,"column":46}},"38":{"start":{"line":113,"column":8},"end":{"line":113,"column":45}},"39":{"start":{"line":123,"column":8},"end":{"line":123,"column":48}},"40":{"start":{"line":132,"column":8},"end":{"line":132,"column":33}},"41":{"start":{"line":140,"column":8},"end":{"line":140,"column":30}},"42":{"start":{"line":143,"column":8},"end":{"line":143,"column":40}},"43":{"start":{"line":151,"column":8},"end":{"line":151,"column":28}},"44":{"start":{"line":154,"column":8},"end":{"line":154,"column":29}},"45":{"start":{"line":155,"column":8},"end":{"line":155,"column":52}},"46":{"start":{"line":165,"column":8},"end":{"line":165,"column":31}},"47":{"start":{"line":184,"column":8},"end":{"line":184,"column":29}},"48":{"start":{"line":187,"column":8},"end":{"line":187,"column":30}},"49":{"start":{"line":196,"column":8},"end":{"line":196,"column":29}},"50":{"start":{"line":199,"column":8},"end":{"line":199,"column":39}},"51":{"start":{"line":201,"column":8},"end":{"line":201,"column":53}},"52":{"start":{"line":213,"column":8},"end":{"line":213,"column":33}},"53":{"start":{"line":216,"column":8},"end":{"line":218,"column":20}},"54":{"start":{"line":228,"column":8},"end":{"line":228,"column":28}},"55":{"start":{"line":253,"column":8},"end":{"line":253,"column":30}},"56":{"start":{"line":257,"column":12},"end":{"line":257,"column":77}},"57":{"start":{"line":258,"column":12},"end":{"line":258,"column":19}},"58":{"start":{"line":261,"column":12},"end":{"line":261,"column":68}},"59":{"start":{"line":262,"column":12},"end":{"line":262,"column":19}},"60":{"start":{"line":264,"column":19},"end":{"line":266,"column":47}},"61":{"start":{"line":268,"column":12},"end":{"line":268,"column":67}},"62":{"start":{"line":270,"column":8},"end":{"line":270,"column":31}},"63":{"start":{"line":279,"column":8},"end":{"line":279,"column":23}},"64":{"start":{"line":288,"column":8},"end":{"line":288,"column":63}},"65":{"start":{"line":297,"column":8},"end":{"line":297,"column":34}},"66":{"start":{"line":297,"column":27},"end":{"line":297,"column":34}},"67":{"start":{"line":298,"column":20},"end":{"line":298,"column":67}},"68":{"start":{"line":299,"column":8},"end":{"line":299,"column":25}},"69":{"start":{"line":307,"column":8},"end":{"line":307,"column":34}},"70":{"start":{"line":307,"column":27},"end":{"line":307,"column":34}},"71":{"start":{"line":308,"column":20},"end":{"line":308,"column":65}},"72":{"start":{"line":309,"column":8},"end":{"line":309,"column":25}},"73":{"start":{"line":317,"column":8},"end":{"line":317,"column":34}},"74":{"start":{"line":317,"column":27},"end":{"line":317,"column":34}},"75":{"start":{"line":318,"column":20},"end":{"line":318,"column":65}},"76":{"start":{"line":319,"column":8},"end":{"line":319,"column":25}},"77":{"start":{"line":328,"column":8},"end":{"line":328,"column":34}},"78":{"start":{"line":328,"column":27},"end":{"line":328,"column":34}},"79":{"start":{"line":329,"column":20},"end":{"line":329,"column":63}},"80":{"start":{"line":330,"column":8},"end":{"line":330,"column":25}},"81":{"start":{"line":338,"column":8},"end":{"line":338,"column":34}},"82":{"start":{"line":338,"column":27},"end":{"line":338,"column":34}},"83":{"start":{"line":339,"column":20},"end":{"line":339,"column":66}},"84":{"start":{"line":340,"column":8},"end":{"line":340,"column":32}},"85":{"start":{"line":348,"column":8},"end":{"line":348,"column":34}},"86":{"start":{"line":348,"column":27},"end":{"line":348,"column":34}},"87":{"start":{"line":349,"column":20},"end":{"line":349,"column":71}},"88":{"start":{"line":350,"column":8},"end":{"line":350,"column":25}},"89":{"start":{"line":358,"column":8},"end":{"line":358,"column":34}},"90":{"start":{"line":358,"column":27},"end":{"line":358,"column":34}},"91":{"start":{"line":359,"column":20},"end":{"line":359,"column":67}},"92":{"start":{"line":360,"column":8},"end":{"line":360,"column":25}},"93":{"start":{"line":370,"column":8},"end":{"line":370,"column":34}},"94":{"start":{"line":370,"column":27},"end":{"line":370,"column":34}},"95":{"start":{"line":372,"column":8},"end":{"line":375,"column":10}},"96":{"start":{"line":376,"column":20},"end":{"line":376,"column":99}},"97":{"start":{"line":377,"column":8},"end":{"line":377,"column":25}},"98":{"start":{"line":385,"column":8},"end":{"line":385,"column":34}},"99":{"start":{"line":385,"column":27},"end":{"line":385,"column":34}},"100":{"start":{"line":388,"column":20},"end":{"line":388,"column":31}},"101":{"start":{"line":389,"column":8},"end":{"line":389,"column":29}},"102":{"start":{"line":390,"column":8},"end":{"line":390,"column":52}},"103":{"start":{"line":391,"column":8},"end":{"line":391,"column":49}},"104":{"start":{"line":393,"column":20},"end":{"line":393,"column":74}},"105":{"start":{"line":394,"column":8},"end":{"line":394,"column":25}},"106":{"start":{"line":405,"column":8},"end":{"line":405,"column":34}},"107":{"start":{"line":405,"column":27},"end":{"line":405,"column":34}},"108":{"start":{"line":407,"column":29},"end":{"line":407,"column":49}},"109":{"start":{"line":408,"column":20},"end":{"line":408,"column":68}},"110":{"start":{"line":409,"column":8},"end":{"line":409,"column":32}},"111":{"start":{"line":417,"column":8},"end":{"line":417,"column":34}},"112":{"start":{"line":417,"column":27},"end":{"line":417,"column":34}},"113":{"start":{"line":418,"column":20},"end":{"line":418,"column":67}},"114":{"start":{"line":419,"column":8},"end":{"line":419,"column":25}},"115":{"start":{"line":432,"column":8},"end":{"line":432,"column":34}},"116":{"start":{"line":432,"column":27},"end":{"line":432,"column":34}},"117":{"start":{"line":434,"column":12},"end":{"line":434,"column":32}},"118":{"start":{"line":435,"column":12},"end":{"line":435,"column":34}},"119":{"start":{"line":437,"column":20},"end":{"line":437,"column":56}},"120":{"start":{"line":438,"column":8},"end":{"line":438,"column":25}},"121":{"start":{"line":451,"column":8},"end":{"line":451,"column":32}},"122":{"start":{"line":464,"column":8},"end":{"line":464,"column":38}},"123":{"start":{"line":481,"column":18},"end":{"line":481,"column":53}},"124":{"start":{"line":482,"column":8},"end":{"line":482,"column":62}},"125":{"start":{"line":482,"column":41},"end":{"line":482,"column":62}},"126":{"start":{"line":483,"column":8},"end":{"line":483,"column":71}},"127":{"start":{"line":492,"column":8},"end":{"line":492,"column":84}},"128":{"start":{"line":492,"column":59},"end":{"line":492,"column":82}},"129":{"start":{"line":500,"column":8},"end":{"line":500,"column":49}},"130":{"start":{"line":500,"column":42},"end":{"line":500,"column":49}},"131":{"start":{"line":501,"column":28},"end":{"line":501,"column":57}},"132":{"start":{"line":512,"column":8},"end":{"line":512,"column":34}},"133":{"start":{"line":512,"column":27},"end":{"line":512,"column":34}},"134":{"start":{"line":513,"column":28},"end":{"line":513,"column":57}},"135":{"start":{"line":515,"column":8},"end":{"line":515,"column":39}},"136":{"start":{"line":515,"column":20},"end":{"line":515,"column":39}},"137":{"start":{"line":526,"column":18},"end":{"line":526,"column":28}},"138":{"start":{"line":527,"column":24},"end":{"line":527,"column":39}},"139":{"start":{"line":528,"column":21},"end":{"line":528,"column":41}},"140":{"start":{"line":529,"column":21},"end":{"line":529,"column":42}},"141":{"start":{"line":534,"column":12},"end":{"line":534,"column":82}},"142":{"start":{"line":534,"column":42},"end":{"line":534,"column":80}},"143":{"start":{"line":537,"column":25},"end":{"line":537,"column":50}},"144":{"start":{"line":539,"column":8},"end":{"line":550,"column":10}},"145":{"start":{"line":561,"column":41},"end":{"line":561,"column":48}},"146":{"start":{"line":565,"column":24},"end":{"line":567,"column":30}},"147":{"start":{"line":569,"column":12},"end":{"line":569,"column":30}},"148":{"start":{"line":590,"column":8},"end":{"line":590,"column":41}},"149":{"start":{"line":606,"column":9},"end":{"line":606,"column":13}}},"fnMap":{"0":{"name":"(anonymous_0)","decl":{"start":{"line":38,"column":26},"end":{"line":38,"column":27}},"loc":{"start":{"line":38,"column":65},"end":{"line":69,"column":1}}},"1":{"name":"(anonymous_1)","decl":{"start":{"line":57,"column":53},"end":{"line":57,"column":54}},"loc":{"start":{"line":57,"column":139},"end":{"line":64,"column":13}}},"2":{"name":"(anonymous_2)","decl":{"start":{"line":101,"column":4},"end":{"line":101,"column":16}},"loc":{"start":{"line":101,"column":37},"end":{"line":114,"column":5}}},"3":{"name":"(anonymous_3)","decl":{"start":{"line":122,"column":4},"end":{"line":122,"column":10}},"loc":{"start":{"line":122,"column":40},"end":{"line":124,"column":5}}},"4":{"name":"(anonymous_4)","decl":{"start":{"line":131,"column":4},"end":{"line":131,"column":10}},"loc":{"start":{"line":131,"column":28},"end":{"line":133,"column":5}}},"5":{"name":"(anonymous_5)","decl":{"start":{"line":139,"column":4},"end":{"line":139,"column":8}},"loc":{"start":{"line":139,"column":15},"end":{"line":141,"column":5}}},"6":{"name":"(anonymous_6)","decl":{"start":{"line":142,"column":4},"end":{"line":142,"column":8}},"loc":{"start":{"line":142,"column":30},"end":{"line":144,"column":5}}},"7":{"name":"(anonymous_7)","decl":{"start":{"line":150,"column":4},"end":{"line":150,"column":8}},"loc":{"start":{"line":150,"column":13},"end":{"line":152,"column":5}}},"8":{"name":"(anonymous_8)","decl":{"start":{"line":153,"column":4},"end":{"line":153,"column":8}},"loc":{"start":{"line":153,"column":29},"end":{"line":156,"column":5}}},"9":{"name":"(anonymous_9)","decl":{"start":{"line":164,"column":4},"end":{"line":164,"column":8}},"loc":{"start":{"line":164,"column":16},"end":{"line":166,"column":5}}},"10":{"name":"(anonymous_10)","decl":{"start":{"line":183,"column":4},"end":{"line":183,"column":8}},"loc":{"start":{"line":183,"column":14},"end":{"line":185,"column":5}}},"11":{"name":"(anonymous_11)","decl":{"start":{"line":186,"column":4},"end":{"line":186,"column":8}},"loc":{"start":{"line":186,"column":33},"end":{"line":188,"column":5}}},"12":{"name":"(anonymous_12)","decl":{"start":{"line":195,"column":4},"end":{"line":195,"column":8}},"loc":{"start":{"line":195,"column":14},"end":{"line":197,"column":5}}},"13":{"name":"(anonymous_13)","decl":{"start":{"line":198,"column":4},"end":{"line":198,"column":8}},"loc":{"start":{"line":198,"column":29},"end":{"line":202,"column":5}}},"14":{"name":"(anonymous_14)","decl":{"start":{"line":212,"column":4},"end":{"line":212,"column":8}},"loc":{"start":{"line":212,"column":18},"end":{"line":214,"column":5}}},"15":{"name":"(anonymous_15)","decl":{"start":{"line":215,"column":4},"end":{"line":215,"column":8}},"loc":{"start":{"line":215,"column":44},"end":{"line":219,"column":5}}},"16":{"name":"(anonymous_16)","decl":{"start":{"line":227,"column":4},"end":{"line":227,"column":8}},"loc":{"start":{"line":227,"column":13},"end":{"line":229,"column":5}}},"17":{"name":"(anonymous_17)","decl":{"start":{"line":252,"column":4},"end":{"line":252,"column":8}},"loc":{"start":{"line":252,"column":15},"end":{"line":254,"column":5}}},"18":{"name":"(anonymous_18)","decl":{"start":{"line":255,"column":4},"end":{"line":255,"column":8}},"loc":{"start":{"line":255,"column":39},"end":{"line":271,"column":5}}},"19":{"name":"(anonymous_19)","decl":{"start":{"line":278,"column":4},"end":{"line":278,"column":8}},"loc":{"start":{"line":278,"column":14},"end":{"line":280,"column":5}}},"20":{"name":"(anonymous_20)","decl":{"start":{"line":287,"column":4},"end":{"line":287,"column":13}},"loc":{"start":{"line":287,"column":29},"end":{"line":289,"column":5}}},"21":{"name":"(anonymous_21)","decl":{"start":{"line":296,"column":4},"end":{"line":296,"column":9}},"loc":{"start":{"line":296,"column":24},"end":{"line":300,"column":5}}},"22":{"name":"(anonymous_22)","decl":{"start":{"line":306,"column":4},"end":{"line":306,"column":8}},"loc":{"start":{"line":306,"column":23},"end":{"line":310,"column":5}}},"23":{"name":"(anonymous_23)","decl":{"start":{"line":316,"column":4},"end":{"line":316,"column":8}},"loc":{"start":{"line":316,"column":23},"end":{"line":320,"column":5}}},"24":{"name":"(anonymous_24)","decl":{"start":{"line":327,"column":4},"end":{"line":327,"column":6}},"loc":{"start":{"line":327,"column":21},"end":{"line":331,"column":5}}},"25":{"name":"(anonymous_25)","decl":{"start":{"line":337,"column":4},"end":{"line":337,"column":9}},"loc":{"start":{"line":337,"column":24},"end":{"line":341,"column":5}}},"26":{"name":"(anonymous_26)","decl":{"start":{"line":347,"column":4},"end":{"line":347,"column":11}},"loc":{"start":{"line":347,"column":26},"end":{"line":351,"column":5}}},"27":{"name":"(anonymous_27)","decl":{"start":{"line":357,"column":4},"end":{"line":357,"column":9}},"loc":{"start":{"line":357,"column":24},"end":{"line":361,"column":5}}},"28":{"name":"(anonymous_28)","decl":{"start":{"line":369,"column":4},"end":{"line":369,"column":7}},"loc":{"start":{"line":369,"column":34},"end":{"line":378,"column":5}}},"29":{"name":"(anonymous_29)","decl":{"start":{"line":384,"column":4},"end":{"line":384,"column":9}},"loc":{"start":{"line":384,"column":24},"end":{"line":395,"column":5}}},"30":{"name":"(anonymous_30)","decl":{"start":{"line":404,"column":4},"end":{"line":404,"column":9}},"loc":{"start":{"line":404,"column":36},"end":{"line":410,"column":5}}},"31":{"name":"(anonymous_31)","decl":{"start":{"line":416,"column":4},"end":{"line":416,"column":9}},"loc":{"start":{"line":416,"column":24},"end":{"line":420,"column":5}}},"32":{"name":"(anonymous_32)","decl":{"start":{"line":431,"column":4},"end":{"line":431,"column":7}},"loc":{"start":{"line":431,"column":39},"end":{"line":439,"column":5}}},"33":{"name":"(anonymous_33)","decl":{"start":{"line":450,"column":4},"end":{"line":450,"column":5}},"loc":{"start":{"line":450,"column":20},"end":{"line":452,"column":5}}},"34":{"name":"(anonymous_34)","decl":{"start":{"line":463,"column":4},"end":{"line":463,"column":6}},"loc":{"start":{"line":463,"column":21},"end":{"line":465,"column":5}}},"35":{"name":"(anonymous_35)","decl":{"start":{"line":480,"column":4},"end":{"line":480,"column":9}},"loc":{"start":{"line":480,"column":22},"end":{"line":484,"column":5}}},"36":{"name":"(anonymous_36)","decl":{"start":{"line":491,"column":4},"end":{"line":491,"column":16}},"loc":{"start":{"line":491,"column":30},"end":{"line":493,"column":5}}},"37":{"name":"(anonymous_37)","decl":{"start":{"line":492,"column":42},"end":{"line":492,"column":43}},"loc":{"start":{"line":492,"column":59},"end":{"line":492,"column":82}}},"38":{"name":"(anonymous_38)","decl":{"start":{"line":499,"column":4},"end":{"line":499,"column":8}},"loc":{"start":{"line":499,"column":8},"end":{"line":506,"column":5}}},"39":{"name":"(anonymous_39)","decl":{"start":{"line":511,"column":4},"end":{"line":511,"column":11}},"loc":{"start":{"line":511,"column":11},"end":{"line":516,"column":5}}},"40":{"name":"(anonymous_40)","decl":{"start":{"line":525,"column":14},"end":{"line":525,"column":25}},"loc":{"start":{"line":525,"column":70},"end":{"line":551,"column":5}}},"41":{"name":"(anonymous_41)","decl":{"start":{"line":534,"column":28},"end":{"line":534,"column":29}},"loc":{"start":{"line":534,"column":42},"end":{"line":534,"column":80}}},"42":{"name":"(anonymous_42)","decl":{"start":{"line":560,"column":14},"end":{"line":560,"column":20}},"loc":{"start":{"line":560,"column":68},"end":{"line":591,"column":5}}}},"branchMap":{"0":{"loc":{"start":{"line":42,"column":35},"end":{"line":42,"column":51}},"type":"cond-expr","locations":[{"start":{"line":42,"column":35},"end":{"line":42,"column":51}},{"start":{"line":42,"column":54},"end":{"line":42,"column":64}}]},"1":{"loc":{"start":{"line":43,"column":28},"end":{"line":43,"column":59}},"type":"binary-expr","locations":[{"start":{"line":43,"column":28},"end":{"line":43,"column":59}},{"start":{"line":43,"column":63},"end":{"line":43,"column":92}}]},"2":{"loc":{"start":{"line":46,"column":4},"end":{"line":46,"column":49}},"type":"if","locations":[{"start":{"line":46,"column":4},"end":{"line":46,"column":49}},{"start":{"line":46,"column":4},"end":{"line":46,"column":49}}]},"3":{"loc":{"start":{"line":61,"column":35},"end":{"line":61,"column":37}},"type":"binary-expr","locations":[{"start":{"line":61,"column":35},"end":{"line":61,"column":37}}]},"4":{"loc":{"start":{"line":104,"column":18},"end":{"line":104,"column":25}},"type":"binary-expr","locations":[{"start":{"line":104,"column":18},"end":{"line":104,"column":25}},{"start":{"line":104,"column":29},"end":{"line":104,"column":31}}]},"5":{"loc":{"start":{"line":106,"column":46},"end":{"line":106,"column":70}},"type":"cond-expr","locations":[{"start":{"line":106,"column":46},"end":{"line":106,"column":70}},{"start":{"line":106,"column":73},"end":{"line":106,"column":77}}]},"6":{"loc":{"start":{"line":107,"column":21},"end":{"line":107,"column":34}},"type":"binary-expr","locations":[{"start":{"line":107,"column":21},"end":{"line":107,"column":34}},{"start":{"line":107,"column":38},"end":{"line":107,"column":52}}]},"7":{"loc":{"start":{"line":108,"column":44},"end":{"line":108,"column":67}},"type":"cond-expr","locations":[{"start":{"line":108,"column":44},"end":{"line":108,"column":67}},{"start":{"line":108,"column":70},"end":{"line":108,"column":74}}]},"8":{"loc":{"start":{"line":110,"column":14},"end":{"line":110,"column":43}},"type":"cond-expr","locations":[{"start":{"line":110,"column":14},"end":{"line":110,"column":43}},{"start":{"line":111,"column":14},"end":{"line":111,"column":32}}]},"9":{"loc":{"start":{"line":201,"column":31},"end":{"line":201,"column":36}},"type":"cond-expr","locations":[{"start":{"line":201,"column":31},"end":{"line":201,"column":36}},{"start":{"line":201,"column":39},"end":{"line":201,"column":52}}]},"10":{"loc":{"start":{"line":217,"column":14},"end":{"line":217,"column":19}},"type":"cond-expr","locations":[{"start":{"line":217,"column":14},"end":{"line":217,"column":19}},{"start":{"line":218,"column":14},"end":{"line":218,"column":19}}]},"11":{"loc":{"start":{"line":216,"column":28},"end":{"line":216,"column":42}},"type":"binary-expr","locations":[{"start":{"line":216,"column":28},"end":{"line":216,"column":42}},{"start":{"line":216,"column":46},"end":{"line":216,"column":66}}]},"12":{"loc":{"start":{"line":264,"column":19},"end":{"line":264,"column":50}},"type":"binary-expr","locations":[{"start":{"line":264,"column":19},"end":{"line":264,"column":50}},{"start":{"line":265,"column":16},"end":{"line":265,"column":54}},{"start":{"line":266,"column":15},"end":{"line":266,"column":46}}]},"13":{"loc":{"start":{"line":288,"column":15},"end":{"line":288,"column":36}},"type":"binary-expr","locations":[{"start":{"line":288,"column":15},"end":{"line":288,"column":36}},{"start":{"line":288,"column":40},"end":{"line":288,"column":62}}]},"14":{"loc":{"start":{"line":297,"column":8},"end":{"line":297,"column":34}},"type":"if","locations":[{"start":{"line":297,"column":8},"end":{"line":297,"column":34}},{"start":{"line":297,"column":8},"end":{"line":297,"column":34}}]},"15":{"loc":{"start":{"line":307,"column":8},"end":{"line":307,"column":34}},"type":"if","locations":[{"start":{"line":307,"column":8},"end":{"line":307,"column":34}},{"start":{"line":307,"column":8},"end":{"line":307,"column":34}}]},"16":{"loc":{"start":{"line":317,"column":8},"end":{"line":317,"column":34}},"type":"if","locations":[{"start":{"line":317,"column":8},"end":{"line":317,"column":34}},{"start":{"line":317,"column":8},"end":{"line":317,"column":34}}]},"17":{"loc":{"start":{"line":328,"column":8},"end":{"line":328,"column":34}},"type":"if","locations":[{"start":{"line":328,"column":8},"end":{"line":328,"column":34}},{"start":{"line":328,"column":8},"end":{"line":328,"column":34}}]},"18":{"loc":{"start":{"line":338,"column":8},"end":{"line":338,"column":34}},"type":"if","locations":[{"start":{"line":338,"column":8},"end":{"line":338,"column":34}},{"start":{"line":338,"column":8},"end":{"line":338,"column":34}}]},"19":{"loc":{"start":{"line":348,"column":8},"end":{"line":348,"column":34}},"type":"if","locations":[{"start":{"line":348,"column":8},"end":{"line":348,"column":34}},{"start":{"line":348,"column":8},"end":{"line":348,"column":34}}]},"20":{"loc":{"start":{"line":358,"column":8},"end":{"line":358,"column":34}},"type":"if","locations":[{"start":{"line":358,"column":8},"end":{"line":358,"column":34}},{"start":{"line":358,"column":8},"end":{"line":358,"column":34}}]},"21":{"loc":{"start":{"line":370,"column":8},"end":{"line":370,"column":34}},"type":"if","locations":[{"start":{"line":370,"column":8},"end":{"line":370,"column":34}},{"start":{"line":370,"column":8},"end":{"line":370,"column":34}}]},"22":{"loc":{"start":{"line":374,"column":16},"end":{"line":374,"column":23}},"type":"binary-expr","locations":[{"start":{"line":374,"column":16},"end":{"line":374,"column":23}},{"start":{"line":374,"column":27},"end":{"line":374,"column":29}}]},"23":{"loc":{"start":{"line":385,"column":8},"end":{"line":385,"column":34}},"type":"if","locations":[{"start":{"line":385,"column":8},"end":{"line":385,"column":34}},{"start":{"line":385,"column":8},"end":{"line":385,"column":34}}]},"24":{"loc":{"start":{"line":405,"column":8},"end":{"line":405,"column":34}},"type":"if","locations":[{"start":{"line":405,"column":8},"end":{"line":405,"column":34}},{"start":{"line":405,"column":8},"end":{"line":405,"column":34}}]},"25":{"loc":{"start":{"line":417,"column":8},"end":{"line":417,"column":34}},"type":"if","locations":[{"start":{"line":417,"column":8},"end":{"line":417,"column":34}},{"start":{"line":417,"column":8},"end":{"line":417,"column":34}}]},"26":{"loc":{"start":{"line":432,"column":8},"end":{"line":432,"column":34}},"type":"if","locations":[{"start":{"line":432,"column":8},"end":{"line":432,"column":34}},{"start":{"line":432,"column":8},"end":{"line":432,"column":34}}]},"27":{"loc":{"start":{"line":482,"column":8},"end":{"line":482,"column":62}},"type":"if","locations":[{"start":{"line":482,"column":8},"end":{"line":482,"column":62}},{"start":{"line":482,"column":8},"end":{"line":482,"column":62}}]},"28":{"loc":{"start":{"line":482,"column":12},"end":{"line":482,"column":23}},"type":"binary-expr","locations":[{"start":{"line":482,"column":12},"end":{"line":482,"column":23}},{"start":{"line":482,"column":27},"end":{"line":482,"column":39}}]},"29":{"loc":{"start":{"line":483,"column":19},"end":{"line":483,"column":36}},"type":"cond-expr","locations":[{"start":{"line":483,"column":19},"end":{"line":483,"column":36}}]},"30":{"loc":{"start":{"line":500,"column":8},"end":{"line":500,"column":49}},"type":"if","locations":[{"start":{"line":500,"column":8},"end":{"line":500,"column":49}},{"start":{"line":500,"column":8},"end":{"line":500,"column":49}}]},"31":{"loc":{"start":{"line":500,"column":12},"end":{"line":500,"column":25}},"type":"binary-expr","locations":[{"start":{"line":500,"column":12},"end":{"line":500,"column":25}},{"start":{"line":500,"column":29},"end":{"line":500,"column":40}}]},"32":{"loc":{"start":{"line":512,"column":8},"end":{"line":512,"column":34}},"type":"if","locations":[{"start":{"line":512,"column":8},"end":{"line":512,"column":34}},{"start":{"line":512,"column":8},"end":{"line":512,"column":34}}]},"33":{"loc":{"start":{"line":515,"column":8},"end":{"line":515,"column":39}},"type":"if","locations":[{"start":{"line":515,"column":8},"end":{"line":515,"column":39}}]},"34":{"loc":{"start":{"line":533,"column":12},"end":{"line":533,"column":30}},"type":"binary-expr","locations":[{"start":{"line":533,"column":12},"end":{"line":533,"column":30}},{"start":{"line":533,"column":34},"end":{"line":533,"column":51}}]},"35":{"loc":{"start":{"line":560,"column":64},"end":{"line":560,"column":68}},"type":"default-arg","locations":[{"start":{"line":560,"column":64},"end":{"line":560,"column":68}}]},"36":{"loc":{"start":{"line":562,"column":12},"end":{"line":562,"column":24}},"type":"binary-expr","locations":[{"start":{"line":562,"column":12},"end":{"line":562,"column":24}},{"start":{"line":562,"column":28},"end":{"line":562,"column":34}}]},"37":{"loc":{"start":{"line":566,"column":18},"end":{"line":566,"column":91}},"type":"cond-expr","locations":[{"start":{"line":566,"column":18},"end":{"line":566,"column":91}},{"start":{"line":567,"column":18},"end":{"line":567,"column":30}}]},"38":{"loc":{"start":{"line":566,"column":19},"end":{"line":566,"column":30}},"type":"binary-expr","locations":[{"start":{"line":566,"column":19},"end":{"line":566,"column":30}},{"start":{"line":566,"column":34},"end":{"line":566,"column":55}}]}},"s":{"0":1,"1":1,"2":1,"3":1,"4":1,"5":1,"6":1,"7":1,"8":1,"9":1,"10":1,"11":15,"12":15,"13":15,"14":15,"15":15,"16":15,"17":15,"18":12,"19":15,"20":15,"21":4,"22":1,"23":1,"24":1,"25":6,"26":4,"27":6,"28":1,"29":14,"30":47,"31":47,"32":47,"33":47,"34":47,"35":47,"36":47,"37":47,"38":46,"39":99,"40":47,"41":70,"42":47,"43":2,"44":47,"45":47,"46":41,"47":18,"48":48,"49":12,"50":47,"51":47,"52":1,"53":46,"54":17,"55":10,"56":1,"57":1,"58":44,"59":44,"60":2,"61":1,"62":1,"63":5,"64":29,"65":4,"66":1,"67":3,"68":3,"69":3,"70":1,"71":2,"72":2,"73":6,"74":1,"75":5,"76":5,"77":2,"78":1,"79":1,"80":1,"81":5,"82":1,"83":4,"84":4,"85":3,"86":1,"87":2,"88":2,"89":3,"90":1,"91":2,"92":2,"93":2,"94":1,"95":1,"96":1,"97":1,"98":2,"99":1,"100":1,"101":1,"102":1,"103":1,"104":1,"105":1,"106":2,"107":1,"108":1,"109":1,"110":1,"111":3,"112":1,"113":2,"114":2,"115":4,"116":1,"117":2,"118":2,"119":3,"120":3,"121":1,"122":2,"123":3,"124":3,"125":1,"126":2,"127":3,"128":16,"129":2,"130":1,"131":1,"132":2,"133":1,"134":1,"135":1,"136":1,"137":27,"138":27,"139":27,"140":27,"141":1,"142":1,"143":27,"144":27,"145":27,"146":21,"147":21,"148":27,"149":2},"f":{"0":15,"1":6,"2":47,"3":99,"4":47,"5":70,"6":47,"7":2,"8":47,"9":41,"10":18,"11":48,"12":12,"13":47,"14":1,"15":46,"16":17,"17":10,"18":47,"19":5,"20":29,"21":4,"22":3,"23":6,"24":2,"25":5,"26":3,"27":3,"28":2,"29":2,"30":2,"31":3,"32":4,"33":1,"34":2,"35":3,"36":3,"37":16,"38":2,"39":2,"40":27,"41":1,"42":27},"b":{"0":[1,14],"1":[15,13],"2":[12,3],"3":[4],"4":[47,1],"5":[15,32],"6":[47,38],"7":[36,11],"8":[2,45],"9":[16,31],"10":[1,45],"11":[46,46],"12":[2,2,1],"13":[29,29],"14":[1,3],"15":[1,2],"16":[1,5],"17":[1,1],"18":[1,4],"19":[1,2],"20":[1,2],"21":[1,1],"22":[1,1],"23":[1,1],"24":[1,1],"25":[1,2],"26":[1,3],"27":[1,2],"28":[3,3],"29":[2],"30":[1,1],"31":[2,1],"32":[1,1],"33":[1],"34":[27,26],"35":[22],"36":[27,21],"37":[16,5],"38":[16,1]}}
}
