TN:
SF:/Users/oy/Developer/@onury/tilo/src/Tilo.ts
FN:38,(anonymous_0)
FN:57,(anonymous_1)
FN:101,(anonymous_2)
FN:122,(anonymous_3)
FN:131,(anonymous_4)
FN:139,(anonymous_5)
FN:142,(anonymous_6)
FN:150,(anonymous_7)
FN:153,(anonymous_8)
FN:164,(anonymous_9)
FN:183,(anonymous_10)
FN:186,(anonymous_11)
FN:195,(anonymous_12)
FN:198,(anonymous_13)
FN:212,(anonymous_14)
FN:215,(anonymous_15)
FN:227,(anonymous_16)
FN:252,(anonymous_17)
FN:255,(anonymous_18)
FN:278,(anonymous_19)
FN:287,(anonymous_20)
FN:296,(anonymous_21)
FN:306,(anonymous_22)
FN:316,(anonymous_23)
FN:327,(anonymous_24)
FN:337,(anonymous_25)
FN:347,(anonymous_26)
FN:357,(anonymous_27)
FN:369,(anonymous_28)
FN:384,(anonymous_29)
FN:404,(anonymous_30)
FN:416,(anonymous_31)
FN:431,(anonymous_32)
FN:450,(anonymous_33)
FN:463,(anonymous_34)
FN:480,(anonymous_35)
FN:491,(anonymous_36)
FN:492,(anonymous_37)
FN:499,(anonymous_38)
FN:511,(anonymous_39)
FN:525,(anonymous_40)
FN:534,(anonymous_41)
FN:560,(anonymous_42)
FNF:43
FNH:43
FNDA:15,(anonymous_0)
FNDA:6,(anonymous_1)
FNDA:47,(anonymous_2)
FNDA:99,(anonymous_3)
FNDA:47,(anonymous_4)
FNDA:70,(anonymous_5)
FNDA:47,(anonymous_6)
FNDA:2,(anonymous_7)
FNDA:47,(anonymous_8)
FNDA:41,(anonymous_9)
FNDA:18,(anonymous_10)
FNDA:48,(anonymous_11)
FNDA:12,(anonymous_12)
FNDA:47,(anonymous_13)
FNDA:1,(anonymous_14)
FNDA:46,(anonymous_15)
FNDA:17,(anonymous_16)
FNDA:10,(anonymous_17)
FNDA:47,(anonymous_18)
FNDA:5,(anonymous_19)
FNDA:29,(anonymous_20)
FNDA:4,(anonymous_21)
FNDA:3,(anonymous_22)
FNDA:6,(anonymous_23)
FNDA:2,(anonymous_24)
FNDA:5,(anonymous_25)
FNDA:3,(anonymous_26)
FNDA:3,(anonymous_27)
FNDA:2,(anonymous_28)
FNDA:2,(anonymous_29)
FNDA:2,(anonymous_30)
FNDA:3,(anonymous_31)
FNDA:4,(anonymous_32)
FNDA:1,(anonymous_33)
FNDA:2,(anonymous_34)
FNDA:3,(anonymous_35)
FNDA:3,(anonymous_36)
FNDA:16,(anonymous_37)
FNDA:2,(anonymous_38)
FNDA:2,(anonymous_39)
FNDA:27,(anonymous_40)
FNDA:1,(anonymous_41)
FNDA:27,(anonymous_42)
DA:2,1
DA:3,1
DA:6,1
DA:8,1
DA:9,1
DA:10,1
DA:13,1
DA:17,1
DA:35,1
DA:36,1
DA:38,1
DA:39,15
DA:40,15
DA:41,15
DA:42,15
DA:43,15
DA:45,15
DA:46,15
DA:48,15
DA:50,15
DA:52,4
DA:54,1
DA:55,1
DA:57,1
DA:58,6
DA:60,4
DA:63,6
DA:65,1
DA:68,14
DA:102,47
DA:104,47
DA:105,47
DA:106,47
DA:107,47
DA:108,47
DA:109,47
DA:112,47
DA:113,46
DA:123,99
DA:132,47
DA:140,70
DA:143,47
DA:151,2
DA:154,47
DA:155,47
DA:165,41
DA:184,18
DA:187,48
DA:196,12
DA:199,47
DA:201,47
DA:213,1
DA:216,46
DA:228,17
DA:253,10
DA:257,1
DA:258,1
DA:261,44
DA:262,44
DA:264,2
DA:268,1
DA:270,1
DA:279,5
DA:288,29
DA:297,4
DA:298,3
DA:299,3
DA:307,3
DA:308,2
DA:309,2
DA:317,6
DA:318,5
DA:319,5
DA:328,2
DA:329,1
DA:330,1
DA:338,5
DA:339,4
DA:340,4
DA:348,3
DA:349,2
DA:350,2
DA:358,3
DA:359,2
DA:360,2
DA:370,2
DA:372,1
DA:376,1
DA:377,1
DA:385,2
DA:388,1
DA:389,1
DA:390,1
DA:391,1
DA:393,1
DA:394,1
DA:405,2
DA:407,1
DA:408,1
DA:409,1
DA:417,3
DA:418,2
DA:419,2
DA:432,4
DA:434,2
DA:435,2
DA:437,3
DA:438,3
DA:451,1
DA:464,2
DA:481,3
DA:482,3
DA:483,2
DA:492,16
DA:500,2
DA:501,1
DA:512,2
DA:513,1
DA:515,1
DA:526,27
DA:527,27
DA:528,27
DA:529,27
DA:534,1
DA:537,27
DA:539,27
DA:561,27
DA:565,21
DA:569,21
DA:590,27
DA:606,2
LF:131
LH:131
BRDA:42,0,0,1
BRDA:42,0,1,14
BRDA:43,1,0,15
BRDA:43,1,1,13
BRDA:46,2,0,12
BRDA:46,2,1,3
BRDA:61,3,0,4
BRDA:104,4,0,47
BRDA:104,4,1,1
BRDA:106,5,0,15
BRDA:106,5,1,32
BRDA:107,6,0,47
BRDA:107,6,1,38
BRDA:108,7,0,36
BRDA:108,7,1,11
BRDA:110,8,0,2
BRDA:110,8,1,45
BRDA:201,9,0,16
BRDA:201,9,1,31
BRDA:217,10,0,1
BRDA:217,10,1,45
BRDA:216,11,0,46
BRDA:216,11,1,46
BRDA:264,12,0,2
BRDA:264,12,1,2
BRDA:264,12,2,1
BRDA:288,13,0,29
BRDA:288,13,1,29
BRDA:297,14,0,1
BRDA:297,14,1,3
BRDA:307,15,0,1
BRDA:307,15,1,2
BRDA:317,16,0,1
BRDA:317,16,1,5
BRDA:328,17,0,1
BRDA:328,17,1,1
BRDA:338,18,0,1
BRDA:338,18,1,4
BRDA:348,19,0,1
BRDA:348,19,1,2
BRDA:358,20,0,1
BRDA:358,20,1,2
BRDA:370,21,0,1
BRDA:370,21,1,1
BRDA:374,22,0,1
BRDA:374,22,1,1
BRDA:385,23,0,1
BRDA:385,23,1,1
BRDA:405,24,0,1
BRDA:405,24,1,1
BRDA:417,25,0,1
BRDA:417,25,1,2
BRDA:432,26,0,1
BRDA:432,26,1,3
BRDA:482,27,0,1
BRDA:482,27,1,2
BRDA:482,28,0,3
BRDA:482,28,1,3
BRDA:483,29,0,2
BRDA:500,30,0,1
BRDA:500,30,1,1
BRDA:500,31,0,2
BRDA:500,31,1,1
BRDA:512,32,0,1
BRDA:512,32,1,1
BRDA:515,33,0,1
BRDA:533,34,0,27
BRDA:533,34,1,26
BRDA:560,35,0,22
BRDA:562,36,0,27
BRDA:562,36,1,21
BRDA:566,37,0,16
BRDA:566,37,1,5
BRDA:566,38,0,16
BRDA:566,38,1,1
BRF:75
BRH:75
end_of_record
